[INFO] 2026-06-25 15:38:49,137 django.server: "OPTIONS /api/v1/auth/login/ HTTP/1.1" 200 0
[INFO] 2026-06-25 15:38:50,647 django.server: "POST /api/v1/auth/login/ HTTP/1.1" 200 1089
[INFO] 2026-06-25 15:38:51,001 django.server: "OPTIONS /api/v1/auth/me/ HTTP/1.1" 200 0
[INFO] 2026-06-25 15:38:51,227 django.server: "GET /api/v1/auth/me/ HTTP/1.1" 200 701
[INFO] 2026-06-25 15:38:51,362 django.server: "GET /api/v1/auth/me/ HTTP/1.1" 200 701
[INFO] 2026-06-25 15:38:56,511 django.server: "OPTIONS /api/v1/auth/logout/ HTTP/1.1" 200 0
[INFO] 2026-06-25 15:38:56,639 django.server: "POST /api/v1/auth/logout/ HTTP/1.1" 204 0
[WARNING] 2026-06-25 15:39:09,890 django.request: Unauthorized: /api/v1/auth/login/
[WARNING] 2026-06-25 15:39:09,891 django.server: "POST /api/v1/auth/login/ HTTP/1.1" 401 63
[INFO] 2026-06-25 15:39:55,838 django.server: "POST /api/v1/auth/login/ HTTP/1.1" 200 1094
[INFO] 2026-06-25 15:39:57,474 django.server: "GET /api/v1/auth/me/ HTTP/1.1" 200 715
[INFO] 2026-06-25 15:39:57,687 django.server: "GET /api/v1/auth/me/ HTTP/1.1" 200 715
[INFO] 2026-06-25 15:40:35,557 django.server: "OPTIONS /api/v1/all-pets/1/?search_type=primary_contact&query=cat HTTP/1.1" 200 0
[INFO] 2026-06-25 15:40:35,843 django.server: "GET /api/v1/all-pets/1/?search_type=primary_contact&query=cat HTTP/1.1" 200 19746
[INFO] 2026-06-25 15:40:40,060 django.server: "OPTIONS /api/v1/pet/1/2/get/ HTTP/1.1" 200 0
[INFO] 2026-06-25 15:40:40,313 django.server: "GET /api/v1/pet/1/2/get/ HTTP/1.1" 200 8153
[INFO] 2026-06-25 15:40:47,647 django.server: "OPTIONS /api/v1/center-vets/1/ HTTP/1.1" 200 0
[INFO] 2026-06-25 15:40:47,947 django.server: "GET /api/v1/center-vets/1/ HTTP/1.1" 200 907
[INFO] 2026-06-25 15:40:56,307 django.server: "OPTIONS /api/v1/pet/1/2/update/ HTTP/1.1" 200 0
[INFO] 2026-06-25 15:40:56,613 django.server: "PATCH /api/v1/pet/1/2/update/ HTTP/1.1" 200 8153
[INFO] 2026-06-25 15:41:08,022 django.server: "PATCH /api/v1/pet/1/2/update/ HTTP/1.1" 200 8153
[WARNING] 2026-06-25 16:22:12,471 django.request: Unauthorized: /api/v1/auth/me/
[WARNING] 2026-06-25 16:22:12,493 django.server: "GET /api/v1/auth/me/ HTTP/1.1" 401 172
[INFO] 2026-06-25 16:22:12,503 django.server: "OPTIONS /api/v1/auth/refresh/ HTTP/1.1" 200 0
[INFO] 2026-06-25 16:22:12,830 django.server: "POST /api/v1/auth/refresh/ HTTP/1.1" 200 862
[INFO] 2026-06-25 16:22:13,157 django.server: "GET /api/v1/auth/me/ HTTP/1.1" 200 715
[WARNING] 2026-06-25 16:22:23,399 django.request: Bad Request: /api/v1/auth/logout/
[WARNING] 2026-06-25 16:22:23,399 django.server: "POST /api/v1/auth/logout/ HTTP/1.1" 400 44
[INFO] 2026-06-25 16:22:49,174 django.server: "POST /api/v1/auth/login/ HTTP/1.1" 200 1094
[INFO] 2026-06-25 16:22:51,158 django.server: "GET /api/v1/auth/me/ HTTP/1.1" 200 715
[INFO] 2026-06-25 16:22:51,361 django.server: "GET /api/v1/auth/me/ HTTP/1.1" 200 715
[INFO] 2026-06-25 16:23:07,677 django.server: "GET /api/v1/all-pets/1/?search_type=primary_contact&query=cat HTTP/1.1" 200 19746
[INFO] 2026-06-25 16:23:12,291 django.server: "GET /api/v1/pet/1/2/get/ HTTP/1.1" 200 8153
[INFO] 2026-06-25 16:23:17,045 django.server: "GET /api/v1/center-vets/1/ HTTP/1.1" 200 907
[INFO] 2026-06-25 16:23:21,434 django.server: "PATCH /api/v1/pet/1/2/update/ HTTP/1.1" 200 8153
[INFO] 2026-06-25 16:23:52,870 django.server: "GET /api/v1/auth/me/ HTTP/1.1" 200 715
[INFO] 2026-06-25 16:24:03,720 django.server: "GET /api/v1/all-pets/1/?search_type=primary_contact&query=cat HTTP/1.1" 200 19746
[INFO] 2026-06-25 16:24:07,251 django.server: "GET /api/v1/pet/1/2/get/ HTTP/1.1" 200 8153
[INFO] 2026-06-25 16:27:23,770 django.server: "GET /api/v1/auth/me/ HTTP/1.1" 200 715
[INFO] 2026-06-25 16:32:55,225 django.server: "GET /api/v1/auth/me/ HTTP/1.1" 200 715
[INFO] 2026-06-25 16:33:06,921 django.server: "GET /api/v1/all-pets/1/?search_type=primary_contact&query=cat HTTP/1.1" 200 19746
[INFO] 2026-06-25 16:33:11,496 django.server: "GET /api/v1/pet/1/2/get/ HTTP/1.1" 200 8153
[INFO] 2026-06-25 16:33:17,525 django.server: "GET /api/v1/center-vets/1/ HTTP/1.1" 200 907
[INFO] 2026-06-25 16:33:30,154 django.server: "PATCH /api/v1/pet/1/2/update/ HTTP/1.1" 200 8153
[WARNING] 2026-06-25 16:47:09,361 django.request: Unauthorized: /api/v1/pet/1/2/update/
[WARNING] 2026-06-25 16:47:09,364 django.server: "PATCH /api/v1/pet/1/2/update/ HTTP/1.1" 401 172
[INFO] 2026-06-25 16:47:09,511 django.server: "POST /api/v1/auth/refresh/ HTTP/1.1" 200 862
[INFO] 2026-06-25 16:47:09,753 django.server: "PATCH /api/v1/pet/1/2/update/ HTTP/1.1" 200 8153
[INFO] 2026-06-25 16:53:44,957 django.server: "PATCH /api/v1/pet/1/2/update/ HTTP/1.1" 200 8153
[INFO] 2026-06-25 16:55:37,464 django.server: "PATCH /api/v1/pet/1/2/update/ HTTP/1.1" 200 8152
[INFO] 2026-06-25 16:58:31,476 django.server: "PATCH /api/v1/pet/1/2/update/ HTTP/1.1" 200 8153
[INFO] 2026-06-25 16:58:56,129 django.server: "PATCH /api/v1/pet/1/2/update/ HTTP/1.1" 200 8153
[INFO] 2026-06-25 17:01:46,644 django.server: "PATCH /api/v1/pet/1/2/update/ HTTP/1.1" 200 8153
[WARNING] 2026-06-25 17:04:45,712 django.request: Unauthorized: /api/v1/pet/1/2/update/
[WARNING] 2026-06-25 17:04:45,720 django.server: "PATCH /api/v1/pet/1/2/update/ HTTP/1.1" 401 172
[WARNING] 2026-06-25 17:04:45,920 django.request: Unauthorized: /api/v1/auth/refresh/
[WARNING] 2026-06-25 17:04:45,922 django.server: "POST /api/v1/auth/refresh/ HTTP/1.1" 401 58
[INFO] 2026-06-25 17:05:19,800 django.server: "POST /api/v1/auth/login/ HTTP/1.1" 200 1094
[INFO] 2026-06-25 17:05:21,266 django.server: "GET /api/v1/auth/me/ HTTP/1.1" 200 715
[INFO] 2026-06-25 17:05:21,378 django.server: "GET /api/v1/auth/me/ HTTP/1.1" 200 715
[INFO] 2026-06-25 17:05:35,123 django.server: "GET /api/v1/all-pets/1/?search_type=primary_contact&query=cat HTTP/1.1" 200 19746
[INFO] 2026-06-25 17:05:39,812 django.server: "GET /api/v1/pet/1/2/get/ HTTP/1.1" 200 8153
[INFO] 2026-06-25 17:05:43,824 django.server: "GET /api/v1/center-vets/1/ HTTP/1.1" 200 907
[INFO] 2026-06-25 17:05:50,474 django.server: "PATCH /api/v1/pet/1/2/update/ HTTP/1.1" 200 8152
[INFO] 2026-06-25 17:06:02,728 django.server: "PATCH /api/v1/pet/1/2/update/ HTTP/1.1" 200 8153
[INFO] 2026-06-25 17:06:08,473 django.server: "PATCH /api/v1/pet/1/2/update/ HTTP/1.1" 200 8152
[INFO] 2026-06-25 17:06:15,646 django.server: "GET /api/v1/auth/me/ HTTP/1.1" 200 715
[INFO] 2026-06-25 17:06:25,673 django.server: "GET /api/v1/all-pets/1/?search_type=primary_contact&query=cat HTTP/1.1" 200 19745
[INFO] 2026-06-25 17:06:29,703 django.server: "GET /api/v1/pet/1/2/get/ HTTP/1.1" 200 8152
[INFO] 2026-06-25 17:06:47,616 django.server: "GET /api/v1/center-vets/1/ HTTP/1.1" 200 907
[INFO] 2026-06-25 17:06:51,773 django.server: "PATCH /api/v1/pet/1/2/update/ HTTP/1.1" 200 8153
[INFO] 2026-06-25 17:06:59,383 django.server: "PATCH /api/v1/pet/1/2/update/ HTTP/1.1" 200 8152
[INFO] 2026-06-25 17:07:11,679 django.server: "PATCH /api/v1/pet/1/2/update/ HTTP/1.1" 200 8158
[INFO] 2026-06-25 17:07:19,790 django.server: "PATCH /api/v1/pet/1/2/update/ HTTP/1.1" 200 8152
[INFO] 2026-06-25 17:07:31,177 django.server: "POST /api/v1/auth/logout/ HTTP/1.1" 204 0
[INFO] 2026-06-25 18:03:12,436 django.server: "OPTIONS /api/v1/auth/login/ HTTP/1.1" 200 0
[INFO] 2026-06-25 18:03:14,175 django.server: "POST /api/v1/auth/login/ HTTP/1.1" 200 1094
[INFO] 2026-06-25 18:03:14,512 django.server: "OPTIONS /api/v1/auth/me/ HTTP/1.1" 200 0
[INFO] 2026-06-25 18:03:14,517 django.server: "OPTIONS /api/v1/auth/me/ HTTP/1.1" 200 0
[INFO] 2026-06-25 18:03:14,692 django.server: "GET /api/v1/auth/me/ HTTP/1.1" 200 715
[INFO] 2026-06-25 18:03:14,868 django.server: "GET /api/v1/auth/me/ HTTP/1.1" 200 715
[INFO] 2026-06-25 18:03:19,384 django.server: "OPTIONS /api/v1/auth/logout/ HTTP/1.1" 200 0
[INFO] 2026-06-25 18:03:19,586 django.server: "POST /api/v1/auth/logout/ HTTP/1.1" 204 0
[INFO] 2026-06-25 18:05:04,484 django.server: "POST /api/v1/auth/login/ HTTP/1.1" 200 1094
[INFO] 2026-06-25 18:05:06,234 django.server: "GET /api/v1/auth/me/ HTTP/1.1" 200 715
[INFO] 2026-06-25 18:05:06,353 django.server: "GET /api/v1/auth/me/ HTTP/1.1" 200 715
[INFO] 2026-06-25 18:09:09,806 django.server: "POST /api/v1/auth/logout/ HTTP/1.1" 204 0
[INFO] 2026-06-25 18:41:12,567 django.server: "POST /api/v1/auth/login/ HTTP/1.1" 200 1094
[INFO] 2026-06-25 18:41:14,451 django.server: "GET /api/v1/auth/me/ HTTP/1.1" 200 715
[INFO] 2026-06-25 18:41:14,592 django.server: "GET /api/v1/auth/me/ HTTP/1.1" 200 715
[INFO] 2026-06-25 18:41:27,134 django.server: "OPTIONS /api/v1/all-pets/1/?search_type=primary_contact&query=cat HTTP/1.1" 200 0
[INFO] 2026-06-25 18:41:27,406 django.server: "GET /api/v1/all-pets/1/?search_type=primary_contact&query=cat HTTP/1.1" 200 19745
[INFO] 2026-06-25 18:41:32,418 django.server: "OPTIONS /api/v1/pet/1/2/get/ HTTP/1.1" 200 0
[INFO] 2026-06-25 18:41:32,646 django.server: "GET /api/v1/pet/1/2/get/ HTTP/1.1" 200 8152
[INFO] 2026-06-25 18:41:50,927 django.server: "OPTIONS /api/v1/all-center-contacts/1/ HTTP/1.1" 200 0
[INFO] 2026-06-25 18:41:50,928 django.server: "OPTIONS /api/v1/all-center-contacts/1/ HTTP/1.1" 200 0
[INFO] 2026-06-25 18:41:51,325 django.server: "GET /api/v1/all-center-contacts/1/ HTTP/1.1" 200 1126
[INFO] 2026-06-25 18:41:51,719 django.server: "GET /api/v1/all-center-contacts/1/ HTTP/1.1" 200 1126
[INFO] 2026-06-25 18:43:23,378 django.server: "POST /api/v1/auth/logout/ HTTP/1.1" 204 0
[INFO] 2026-06-25 19:18:01,241 django.server: "POST /api/v1/auth/login/ HTTP/1.1" 200 1094
[INFO] 2026-06-25 19:18:01,806 django.server: "GET /api/v1/auth/me/ HTTP/1.1" 200 715
[INFO] 2026-06-25 19:18:01,954 django.server: "GET /api/v1/auth/me/ HTTP/1.1" 200 715
[INFO] 2026-06-25 19:18:04,877 django.server: "POST /api/v1/auth/logout/ HTTP/1.1" 204 0
[INFO] 2026-06-25 19:23:07,188 django.server: "POST /api/v1/auth/login/ HTTP/1.1" 200 1094
[INFO] 2026-06-25 19:23:09,361 django.server: "GET /api/v1/auth/me/ HTTP/1.1" 200 715
[INFO] 2026-06-25 19:23:09,537 django.server: "GET /api/v1/auth/me/ HTTP/1.1" 200 715
[INFO] 2026-06-25 19:23:44,870 django.server: "GET /api/v1/all-pets/1/?search_type=primary_contact&query=cat HTTP/1.1" 200 19745
[INFO] 2026-06-25 19:23:49,840 django.server: "GET /api/v1/pet/1/2/get/ HTTP/1.1" 200 8152
[INFO] 2026-06-25 19:23:54,412 django.server: "OPTIONS /api/v1/center-vets/1/ HTTP/1.1" 200 0
[INFO] 2026-06-25 19:23:54,603 django.server: "GET /api/v1/center-vets/1/ HTTP/1.1" 200 907
[INFO] 2026-06-25 19:23:58,163 django.server: "OPTIONS /api/v1/pet/1/2/update/ HTTP/1.1" 200 0
[INFO] 2026-06-25 19:23:58,633 django.server: "PATCH /api/v1/pet/1/2/update/ HTTP/1.1" 200 8153
[INFO] 2026-06-25 19:24:12,631 django.server: "GET /api/v1/all-center-contacts/1/ HTTP/1.1" 200 1126
[INFO] 2026-06-25 19:24:12,868 django.server: "GET /api/v1/all-center-contacts/1/ HTTP/1.1" 200 1126
[INFO] 2026-06-25 19:24:46,416 django.server: "POST /api/v1/auth/logout/ HTTP/1.1" 204 0
